<?xml version="1.0" encoding="UTF-8"?>
<!-- Generated by org.testng.reporters.JUnitReportReporter -->
<testsuite hostname="DESKTOP-H425LRN" failures="0" tests="1" name="JiraApiTesting.JiraCookiesPractise" time="4.423" errors="0" timestamp="2022-07-20T12:52:04 EDT" skipped="0">
  <testcase classname="JiraApiTesting.JiraCookiesPractise" name="createIssue" time="4.423"/>
  <system-out/>
</testsuite> <!-- JiraApiTesting.JiraCookiesPractise -->
