<?xml version="1.0" encoding="UTF-8"?>
<!-- Generated by org.testng.reporters.JUnitReportReporter -->
<testsuite hostname="DESKTOP-H425LRN" failures="0" tests="2" name="DynamicDataPayloadsLibrary.DynamicJson" time="5.138" errors="0" timestamp="2022-07-18T19:44:16 EDT" skipped="0">
  <testcase classname="DynamicDataPayloadsLibrary.DynamicJson" name="addBook" time="4.292"/>
  <system-out/>
  <testcase classname="DynamicDataPayloadsLibrary.DynamicJson" name="addBook" time="0.846"/>
  <system-out/>
</testsuite> <!-- DynamicDataPayloadsLibrary.DynamicJson -->
