<?xml version="1.0" encoding="UTF-8"?>
<!-- Generated by org.testng.reporters.JUnitReportReporter -->
<testsuite hostname="DESKTOP-H425LRN" failures="0" tests="1" name="JiraApiTesting.CheckingTheResponseRecievedJira" time="4.774" errors="0" timestamp="2022-07-20T14:27:06 EDT" skipped="0">
  <testcase classname="JiraApiTesting.CheckingTheResponseRecievedJira" name="getIssue" time="4.774"/>
  <system-out/>
</testsuite> <!-- JiraApiTesting.CheckingTheResponseRecievedJira -->
