<?xml version="1.0" encoding="UTF-8"?>
<!-- Generated by org.testng.reporters.JUnitReportReporter -->
<testsuite hostname="DESKTOP-H425LRN" failures="0" tests="1" name="OAuthPractise.OAuthPractise1" time="3.502" errors="0" timestamp="2022-07-21T19:06:54 EDT" skipped="0">
  <testcase classname="OAuthPractise.OAuthPractise1" name="createIssue" time="3.502"/>
  <system-out/>
</testsuite> <!-- OAuthPractise.OAuthPractise1 -->
