<?xml version="1.0" encoding="UTF-8"?>
<!-- Generated by org.testng.reporters.JUnitReportReporter -->
<testsuite hostname="DESKTOP-H425LRN" failures="0" tests="1" name="Deserialization.PractiseDesiralzationExapmle" time="5.398" errors="0" timestamp="2022-07-23T17:48:25 EDT" skipped="0">
  <testcase classname="Deserialization.PractiseDesiralzationExapmle" name="Test" time="5.398"/>
  <system-out/>
</testsuite> <!-- Deserialization.PractiseDesiralzationExapmle -->
