<?xml version="1.0" encoding="UTF-8"?>
<!-- Generated by org.testng.reporters.JUnitReportReporter -->
<testsuite hostname="DESKTOP-H425LRN" failures="0" tests="1" name="DynamicDataPayloadsLibrary.ReadFromExternalFileJsonData" time="4.298" errors="0" timestamp="2022-07-19T08:33:46 EDT" skipped="0">
  <testcase classname="DynamicDataPayloadsLibrary.ReadFromExternalFileJsonData" name="addBook" time="4.298"/>
  <system-out/>
</testsuite> <!-- DynamicDataPayloadsLibrary.ReadFromExternalFileJsonData -->
