<?xml version="1.0" encoding="UTF-8"?>
<!-- Generated by org.testng.reporters.JUnitReportReporter -->
<testsuite hostname="DESKTOP-H425LRN" failures="0" tests="1" name="SerializationDeserialization.PractiseDesiralzationExapmle" time="6.085" errors="0" timestamp="2022-07-23T10:12:36 EDT" skipped="0">
  <testcase classname="SerializationDeserialization.PractiseDesiralzationExapmle" name="Test" time="6.085"/>
  <system-out/>
</testsuite> <!-- SerializationDeserialization.PractiseDesiralzationExapmle -->
