<?xml version="1.0" encoding="UTF-8"?>
<!-- Generated by org.testng.reporters.JUnitReportReporter -->
<testsuite hostname="DESKTOP-H425LRN" failures="0" tests="4" name="DynamicDataPayloadsLibrary.Dynamicjsonarrayexample" time="6.582" errors="0" timestamp="2022-07-18T20:27:15 EDT" skipped="0">
  <testcase classname="DynamicDataPayloadsLibrary.Dynamicjsonarrayexample" name="addBook" time="0.801"/>
  <system-out/>
  <testcase classname="DynamicDataPayloadsLibrary.Dynamicjsonarrayexample" name="deleteBook" time="0.830"/>
  <system-out/>
  <testcase classname="DynamicDataPayloadsLibrary.Dynamicjsonarrayexample" name="deleteBook" time="0.806"/>
  <system-out/>
  <testcase classname="DynamicDataPayloadsLibrary.Dynamicjsonarrayexample" name="addBook" time="4.145"/>
  <system-out/>
</testsuite> <!-- DynamicDataPayloadsLibrary.Dynamicjsonarrayexample -->
