<?xml version="1.0" encoding="UTF-8"?>
<!-- Generated by org.testng.reporters.JUnitReportReporter -->
<testsuite hostname="DESKTOP-H425LRN" failures="0" tests="1" name="JiraApiTesting.GetIssueCreatedInJira" time="6.586" errors="0" timestamp="2022-07-20T13:42:33 EDT" skipped="0">
  <testcase classname="JiraApiTesting.GetIssueCreatedInJira" name="getIssue" time="6.586"/>
  <system-out/>
</testsuite> <!-- JiraApiTesting.GetIssueCreatedInJira -->
