<?xml version="1.0" encoding="UTF-8"?>
<!-- Generated by org.testng.reporters.JUnitReportReporter -->
<testsuite hostname="DESKTOP-H425LRN" failures="0" tests="1" name="JiraApiTesting.AddAttachmentsJira" time="6.190" errors="0" timestamp="2022-07-20T13:20:40 EDT" skipped="0">
  <testcase classname="JiraApiTesting.AddAttachmentsJira" name="createIssue" time="6.190"/>
  <system-out/>
</testsuite> <!-- JiraApiTesting.AddAttachmentsJira -->
